Start testing: Aug 30 23:35 CST
----------------------------------------------------------
1/2 Testing: quarkRSP_tests
1/2 Test: quarkRSP_tests
Command: "/mnt/sdd/Quark/runtime/build-linux/quarkRSP/quarkRSP_tests"
Directory: /mnt/sdd/Quark/runtime/build-linux/quarkRSP
"quarkRSP_tests" start time: Aug 30 23:35 CST
Output:
----------------------------------------------------------
/mnt/sdd/Quark/runtime/build-linux/quarkRSP/quarkRSP_tests: error while loading shared libraries: libquark_rt.so: cannot open shared object file: No such file or directory
<end of output>
Test time =   0.00 sec
----------------------------------------------------------
Test Failed.
"quarkRSP_tests" end time: Aug 30 23:35 CST
"quarkRSP_tests" time elapsed: 00:00:00
----------------------------------------------------------

Unable to find executable: /mnt/sdd/Quark/runtime/build-linux/quarkRSP/quarkRSP_gui_tests
2/2 Testing: quarkRSP_gui_tests
2/2 Test: quarkRSP_gui_tests
Command: ""
Directory: /mnt/sdd/Quark/runtime/build-linux/quarkRSP
"quarkRSP_gui_tests" start time: 
Output:
----------------------------------------------------------
<end of output>
Test time =   0.00 sec
----------------------------------------------------------
Test Passed.
"quarkRSP_gui_tests" end time: Aug 30 23:35 CST
"quarkRSP_gui_tests" time elapsed: 00:00:00
----------------------------------------------------------

End testing: Aug 30 23:35 CST
